<?xml version="1.0" encoding="UTF-8"?>
<testng-results ignored="0" total="1" passed="1" failed="0" skipped="0">
  <reporter-output>
  </reporter-output>
  <suite started-at="2021-11-22T23:00:36 PST" name="TestApp" finished-at="2021-11-22T23:00:36 PST" duration-ms="42">
    <groups>
    </groups>
    <test started-at="2021-11-22T23:00:36 PST" name="Command line test" finished-at="2021-11-22T23:00:36 PST" duration-ms="42">
      <class name="TestApp">
        <test-method signature="testStackQueue()[pri:0, instance:TestApp@1563da5]" started-at="2021-11-22T23:00:36 PST" name="testStackQueue" finished-at="2021-11-22T23:00:36 PST" duration-ms="8" status="PASS">
          <reporter-output>
          </reporter-output>
        </test-method> <!-- testStackQueue -->
      </class> <!-- TestApp -->
    </test> <!-- Command line test -->
  </suite> <!-- TestApp -->
</testng-results>
